<?xml version="1.0" encoding="UTF-8"?>
<!-- Generated by org.testng.reporters.JUnitReportReporter -->
<testsuite hostname="malmike" name="com.sma.controller.TeacherControllerTest" tests="10" failures="0" timestamp="21 Apr 2016 18:20:17 GMT" time="0.045" errors="0">
  <testcase name="updateTeacherWithValidationError" time="0.001" classname="com.sma.controller.TeacherControllerTest"/>
  <testcase name="saveTeacherWithValidationError" time="0.001" classname="com.sma.controller.TeacherControllerTest"/>
  <testcase name="deleteTeacher" time="0.001" classname="com.sma.controller.TeacherControllerTest"/>
  <testcase name="newTeacher" time="0.001" classname="com.sma.controller.TeacherControllerTest"/>
  <testcase name="updateTeacherWithSuccess" time="0.003" classname="com.sma.controller.TeacherControllerTest"/>
  <testcase name="listTeachers" time="0.002" classname="com.sma.controller.TeacherControllerTest"/>
  <testcase name="updateTeacherWithValidationErrorNonUniqueSSN" time="0.002" classname="com.sma.controller.TeacherControllerTest"/>
  <testcase name="saveTeacherWithValidationErrorNonUniqueTeacherId" time="0.004" classname="com.sma.controller.TeacherControllerTest"/>
  <testcase name="editTeacher" time="0.027" classname="com.sma.controller.TeacherControllerTest"/>
  <testcase name="saveTeacherWithSuccess" time="0.003" classname="com.sma.controller.TeacherControllerTest"/>
</testsuite> <!-- com.sma.controller.TeacherControllerTest -->
