<?xml version="1.0" encoding="UTF-8"?>
<!-- Generated by org.testng.reporters.JUnitReportReporter -->
<testsuite hostname="malmike" name="com.sma.dao.TeacherDaoImplTest" tests="6" failures="0" timestamp="21 Apr 2016 18:20:17 GMT" time="0.457" errors="0">
  <testcase name="saveTeacher" time="0.178" classname="com.sma.dao.TeacherDaoImplTest"/>
  <testcase name="deleteTeacherByInvalidTeacherId" time="0.106" classname="com.sma.dao.TeacherDaoImplTest"/>
  <testcase name="findTeacherByTeacherId" time="0.084" classname="com.sma.dao.TeacherDaoImplTest"/>
  <testcase name="findAllTeachers" time="0.018" classname="com.sma.dao.TeacherDaoImplTest"/>
  <testcase name="findById" time="0.048" classname="com.sma.dao.TeacherDaoImplTest"/>
  <testcase name="deleteTeacherByTeacherId" time="0.023" classname="com.sma.dao.TeacherDaoImplTest"/>
</testsuite> <!-- com.sma.dao.TeacherDaoImplTest -->
