<?xml version="1.0" encoding="UTF-8"?>
<!-- Generated by org.testng.reporters.JUnitReportReporter -->
<testsuite hostname="malmike" name="com.sma.controller.AppControllerTest" tests="10" failures="0" timestamp="21 Apr 2016 17:58:22 GMT" time="0.054" errors="0">
  <testcase name="updateTeacherWithValidationError" time="0.002" classname="com.sma.controller.AppControllerTest"/>
  <testcase name="saveTeacherWithValidationError" time="0.002" classname="com.sma.controller.AppControllerTest"/>
  <testcase name="deleteTeacher" time="0.001" classname="com.sma.controller.AppControllerTest"/>
  <testcase name="newTeacher" time="0.005" classname="com.sma.controller.AppControllerTest"/>
  <testcase name="updateTeacherWithSuccess" time="0.003" classname="com.sma.controller.AppControllerTest"/>
  <testcase name="listTeachers" time="0.002" classname="com.sma.controller.AppControllerTest"/>
  <testcase name="updateTeacherWithValidationErrorNonUniqueSSN" time="0.002" classname="com.sma.controller.AppControllerTest"/>
  <testcase name="saveTeacherWithValidationErrorNonUniqueTeacherId" time="0.004" classname="com.sma.controller.AppControllerTest"/>
  <testcase name="editTeacher" time="0.030" classname="com.sma.controller.AppControllerTest"/>
  <testcase name="saveTeacherWithSuccess" time="0.003" classname="com.sma.controller.AppControllerTest"/>
</testsuite> <!-- com.sma.controller.AppControllerTest -->
