<?xml version="1.0" encoding="UTF-8"?>
<!-- Generated by org.testng.reporters.JUnitReportReporter -->
<testsuite hostname="malmike" name="com.sma.service.impl.TeacherServiceImplTest" tests="7" failures="0" timestamp="21 Apr 2016 18:20:17 GMT" time="0.046" errors="0">
  <testcase name="findTeacherByTeacherId" time="0.003" classname="com.sma.service.impl.TeacherServiceImplTest"/>
  <testcase name="updateTeacher" time="0.002" classname="com.sma.service.impl.TeacherServiceImplTest"/>
  <testcase name="deleteTeacherByTeacherId" time="0.023" classname="com.sma.service.impl.TeacherServiceImplTest"/>
  <testcase name="findById" time="0.004" classname="com.sma.service.impl.TeacherServiceImplTest"/>
  <testcase name="isTeacherTeacherIdUnique" time="0.002" classname="com.sma.service.impl.TeacherServiceImplTest"/>
  <testcase name="saveTeacher" time="0.002" classname="com.sma.service.impl.TeacherServiceImplTest"/>
  <testcase name="findAllTeachers" time="0.010" classname="com.sma.service.impl.TeacherServiceImplTest"/>
</testsuite> <!-- com.sma.service.impl.TeacherServiceImplTest -->
